w:\uni\spork\working spork\spork backup 24.10.17\sporkengine\bin\debug\intermediates\vc140.pdb
w:\uni\spork\working spork\spork backup 24.10.17\sporkengine\bin\debug\intermediates\vc140.idb
w:\uni\spork\working spork\spork backup 24.10.17\sporkengine\bin\debug\intermediates\model.obj
w:\uni\spork\working spork\spork backup 24.10.17\sporkengine\bin\debug\intermediates\batchrenderer2d.obj
w:\uni\spork\working spork\spork backup 24.10.17\sporkengine\bin\debug\intermediates\shader.obj
w:\uni\spork\working spork\spork backup 24.10.17\sporkengine\bin\debug\intermediates\skybox.obj
w:\uni\spork\working spork\spork backup 24.10.17\sporkengine\bin\debug\intermediates\sprite.obj
w:\uni\spork\working spork\spork backup 24.10.17\sporkengine\bin\debug\intermediates\textcontainer.obj
w:\uni\spork\working spork\spork backup 24.10.17\sporkengine\bin\debug\intermediates\texture.obj
w:\uni\spork\working spork\spork backup 24.10.17\sporkengine\bin\debug\intermediates\window.obj
w:\uni\spork\working spork\spork backup 24.10.17\sporkengine\bin\debug\intermediates\gui.obj
w:\uni\spork\working spork\spork backup 24.10.17\sporkengine\bin\debug\intermediates\controls.obj
w:\uni\spork\working spork\spork backup 24.10.17\sporkengine\bin\debug\intermediates\mat4.obj
w:\uni\spork\working spork\spork backup 24.10.17\sporkengine\bin\debug\intermediates\quaternion.obj
w:\uni\spork\working spork\spork backup 24.10.17\sporkengine\bin\debug\intermediates\vec2.obj
w:\uni\spork\working spork\spork backup 24.10.17\sporkengine\bin\debug\intermediates\vec3.obj
w:\uni\spork\working spork\spork backup 24.10.17\sporkengine\bin\debug\intermediates\vec4.obj
w:\uni\spork\working spork\spork backup 24.10.17\sporkengine\bin\debug\intermediates\glerror.obj
w:\uni\spork\working spork\spork backup 24.10.17\sporkengine\bin\debug\intermediates\loadutils.obj
w:\uni\spork\working spork\spork backup 24.10.17\sporkengine\bin\debug\intermediates\mystring.obj
w:\uni\spork\working spork\spork backup 24.10.17\sporkengine\bin\debug\intermediates\stbimage.obj
w:\uni\spork\working spork\spork backup 24.10.17\sporkengine\bin\debug\intermediates\time.obj
w:\uni\spork\working spork\spork backup 24.10.17\sporkengine\bin\debug\intermediates\demo3d.obj
w:\uni\spork\working spork\spork backup 24.10.17\sporkengine\bin\debug\intermediates\main.obj
w:\uni\spork\working spork\spork backup 24.10.17\sporkengine\bin\debug\intermediates\component.obj
w:\uni\spork\working spork\spork backup 24.10.17\sporkengine\bin\debug\intermediates\gameobject.obj
w:\uni\spork\working spork\spork backup 24.10.17\sporkengine\bin\debug\intermediates\meshcomponent.obj
w:\uni\spork\working spork\spork backup 24.10.17\sporkengine\bin\debug\intermediates\spritecomponent.obj
w:\uni\spork\working spork\spork backup 24.10.17\sporkengine\bin\debug\intermediates\transformcomponent.obj
w:\uni\spork\working spork\spork backup 24.10.17\sporkengine\bin\debug\intermediates\buffer.obj
w:\uni\spork\working spork\spork backup 24.10.17\sporkengine\bin\debug\intermediates\framebuffer.obj
w:\uni\spork\working spork\spork backup 24.10.17\sporkengine\bin\debug\intermediates\indexbuffer.obj
w:\uni\spork\working spork\spork backup 24.10.17\sporkengine\bin\debug\intermediates\vertexarray.obj
w:\uni\spork\working spork\spork backup 24.10.17\sporkengine\bin\debug\intermediates\basecamera.obj
w:\uni\spork\working spork\spork backup 24.10.17\sporkengine\bin\debug\intermediates\fpscamera.obj
w:\uni\spork\working spork\spork backup 24.10.17\sporkengine\bin\debug\intermediates\modelcam.obj
w:\uni\spork\working spork\spork backup 24.10.17\sporkengine\bin\debug\intermediates\layer.obj
w:\uni\spork\working spork\spork backup 24.10.17\sporkengine\bin\debug\intermediates\layercontainer.obj
w:\uni\spork\working spork\spork backup 24.10.17\sporkengine\bin\debug\intermediates\tilelayer.obj
w:\uni\spork\working spork\spork backup 24.10.17\sporkengine\bin\debug\intermediates\mesh.obj
w:\uni\spork\working spork\spork backup 24.10.17\sporkengine\bin\debug\intermediates\meshgeneretor.obj
w:\uni\spork\working spork\spork backup 24.10.17\sporkengine\bin\debug\intermediates\input.obj
w:\uni\spork\working spork\spork backup 24.10.17\sporkengine\bin\debug\intermediates\scene.obj
w:\uni\spork\working spork\spork backup 24.10.17\sporkengine\bin\debug\sporkcore.ilk
w:\uni\spork\working spork\spork backup 24.10.17\sporkengine\bin\debug\sporkcore.exe
w:\uni\spork\working spork\spork backup 24.10.17\sporkengine\bin\debug\sporkcore.pdb
w:\uni\spork\working spork\spork backup 24.10.17\sporkengine\bin\debug\intermediates\demo3d.obj.enc
w:\uni\spork\working spork\spork backup 24.10.17\sporkengine\bin\debug\intermediates\sporkcore.tlog\cl.command.1.tlog
w:\uni\spork\working spork\spork backup 24.10.17\sporkengine\bin\debug\intermediates\sporkcore.tlog\cl.read.1.tlog
w:\uni\spork\working spork\spork backup 24.10.17\sporkengine\bin\debug\intermediates\sporkcore.tlog\cl.write.1.tlog
w:\uni\spork\working spork\spork backup 24.10.17\sporkengine\bin\debug\intermediates\sporkcore.tlog\link.command.1.tlog
w:\uni\spork\working spork\spork backup 24.10.17\sporkengine\bin\debug\intermediates\sporkcore.tlog\link.read.1.tlog
w:\uni\spork\working spork\spork backup 24.10.17\sporkengine\bin\debug\intermediates\sporkcore.tlog\link.write.1.tlog
