  Demo3D.cpp
w:\uni\spork\working spork\assignment\spork engine submission\sporkengine\sporkcore\src\gui\../graphics/window.h(11): warning C4005: 'MAX_KEYS': macro redefinition
  w:\uni\spork\working spork\assignment\spork engine submission\sporkengine\sporkcore\src\graphics\../input/input.h(4): note: see previous definition of 'MAX_KEYS'
w:\uni\spork\working spork\assignment\spork engine submission\sporkengine\sporkcore\src\maths\maths_func.h(12): warning C4244: 'return': conversion from 'double' to 'float', possible loss of data
Demo3D.cpp(277): warning C4244: 'argument': conversion from 'double' to 'float', possible loss of data
  main.cpp
w:\uni\spork\working spork\assignment\spork engine submission\sporkengine\sporkcore\src\graphics/window.h(11): warning C4005: 'MAX_KEYS': macro redefinition
  w:\uni\spork\working spork\assignment\spork engine submission\sporkengine\sporkcore\src\graphics\../input/input.h(4): note: see previous definition of 'MAX_KEYS'
w:\uni\spork\working spork\assignment\spork engine submission\sporkengine\sporkcore\src\maths\maths_func.h(12): warning C4244: 'return': conversion from 'double' to 'float', possible loss of data
main.cpp(31): warning C4244: 'argument': conversion from 'time_t' to 'unsigned int', possible loss of data
main.cpp(49): warning C4244: 'argument': conversion from 'uint' to 'float', possible loss of data
  gameObject.cpp
w:\uni\spork\working spork\assignment\spork engine submission\sporkengine\sporkcore\src\maths\maths_func.h(12): warning C4244: 'return': conversion from 'double' to 'float', possible loss of data
  spriteComponent.cpp
w:\uni\spork\working spork\assignment\spork engine submission\sporkengine\sporkcore\src\maths\maths_func.h(12): warning C4244: 'return': conversion from 'double' to 'float', possible loss of data
LINK : warning LNK4098: defaultlib 'LIBCMT' conflicts with use of other libs; use /NODEFAULTLIB:library
  Generating code
  72 of 1470 functions ( 4.9%) were compiled, the rest were copied from previous compilation.
    0 functions were new in current compilation
    132 functions had inline decision re-evaluated but remain unchanged
  Finished generating code
glew32s.lib(glew.obj) : warning LNK4099: PDB 'vc120.pdb' was not found with 'glew32s.lib(glew.obj)' or at 'W:\Uni\SPORK\WORKING SPORK\Assignment\Spork Engine Submission\SporkEngine\bin\Release\vc120.pdb'; linking object as if no debug info
  SporkCore.vcxproj -> W:\Uni\SPORK\WORKING SPORK\Assignment\Spork Engine Submission\SporkEngine\bin\Release\SporkEngine.exe
  SporkCore.vcxproj -> W:\Uni\SPORK\WORKING SPORK\Assignment\Spork Engine Submission\SporkEngine\bin\Release\SporkEngine.pdb (Full PDB)
